SF:lib\bloc_example\bloc\counter_bloc.dart
DA:7,2
DA:8,2
DA:9,3
DA:11,2
DA:12,3
DA:16,1
DA:18,2
DA:19,1
DA:22,1
DA:24,2
DA:25,1
LF:11
LH:11
end_of_record
SF:lib\bloc_example\view\counter_bloc_view.dart
DA:9,2
DA:12,1
DA:14,1
DA:16,1
DA:17,1
DA:18,1
DA:19,2
DA:21,1
DA:24,1
DA:25,1
DA:26,1
DA:27,2
DA:28,2
DA:35,1
DA:36,2
DA:40,1
DA:42,1
DA:44,1
DA:45,1
DA:46,1
DA:47,3
DA:53,1
DA:54,1
DA:55,3
LF:24
LH:24
end_of_record
SF:lib\shared\widgets\menu.dart
DA:6,1
DA:8,1
DA:9,1
DA:10,1
DA:11,1
DA:13,0
DA:14,0
DA:17,1
DA:19,0
DA:20,0
LF:10
LH:6
end_of_record
